<?xml version="1.0" encoding="UTF-8"?>
<!-- Generated by org.testng.reporters.JUnitReportReporter -->
<testsuite hostname="DESKTOP-9JTRJBE" name="Mobile.Pref_Card" tests="4" failures="0" timestamp="26 Mar 2020 11:53:41 GMT" time="107.790" errors="0">
  <testcase name="Pick_List" time="38.000" classname="Mobile.Pref_Card"/>
  <testcase name="Complete_Cases" time="31.404" classname="Mobile.Pref_Card"/>
  <testcase name="Login" time="16.884" classname="Mobile.Pref_Card"/>
  <testcase name="Execute_Cases" time="21.502" classname="Mobile.Pref_Card"/>
</testsuite> <!-- Mobile.Pref_Card -->
