<?xml version="1.0" encoding="UTF-8"?>
<!-- Generated by org.testng.reporters.JUnitReportReporter -->
<testsuite hostname="DESKTOP-9JTRJBE" name="Mobile.Invoice" tests="2" failures="0" timestamp="24 Mar 2020 11:20:33 GMT" time="58.701" errors="0">
  <testcase name="Login" time="8.935" classname="Mobile.Invoice"/>
  <testcase name="invoice" time="49.766" classname="Mobile.Invoice"/>
</testsuite> <!-- Mobile.Invoice -->
