<?xml version="1.0" encoding="UTF-8"?>
<!-- Generated by org.testng.reporters.JUnitReportReporter -->
<testsuite hostname="DESKTOP-9JTRJBE" name="Mobile.Web_Test" tests="1" failures="0" timestamp="3 Apr 2020 07:18:19 GMT" time="70.632" errors="0">
  <testcase name="f" time="70.632" classname="Mobile.Web_Test"/>
</testsuite> <!-- Mobile.Web_Test -->
