<?xml version="1.0" encoding="UTF-8"?>
<!-- Generated by org.testng.reporters.JUnitReportReporter -->
<testsuite hostname="DESKTOP-9JTRJBE" name="Mobile.CycleCount" tests="3" failures="0" timestamp="22 Jul 2020 14:54:00 GMT" time="101.718" errors="0">
  <testcase name="Login" time="13.982" classname="Mobile.CycleCount"/>
  <testcase name="Make_CycleCount" time="74.933" classname="Mobile.CycleCount"/>
  <testcase name="Verify_CycleCount" time="12.803" classname="Mobile.CycleCount"/>
</testsuite> <!-- Mobile.CycleCount -->
