<?xml version="1.0" encoding="UTF-8"?>
<!-- Generated by org.testng.reporters.JUnitReportReporter -->
<testsuite hostname="DESKTOP-9JTRJBE" name="Mobile.NewTest" tests="1" failures="0" timestamp="18 Mar 2020 14:15:48 GMT" time="11.760" errors="0">
  <testcase name="Login" time="11.760" classname="Mobile.NewTest"/>
</testsuite> <!-- Mobile.NewTest -->
