<?xml version="1.0" encoding="UTF-8"?>
<!-- Generated by org.testng.reporters.JUnitReportReporter -->
<testsuite hostname="DESKTOP-9JTRJBE" name="Mobile.Templates$Invoice" tests="4" failures="0" timestamp="26 Mar 2020 08:10:39 GMT" time="164.723" errors="0">
  <testcase name="Kit_Template" time="29.717" classname="Mobile.Templates$Invoice"/>
  <testcase name="Scan_Out_Template" time="63.517" classname="Mobile.Templates$Invoice"/>
  <testcase name="Login" time="16.404" classname="Mobile.Templates$Invoice"/>
  <testcase name="Order_Template" time="55.085" classname="Mobile.Templates$Invoice"/>
</testsuite> <!-- Mobile.Templates$Invoice -->
